# Logfile created on 2020-10-08 22:55:05 +0800 by logger.rb/47272
ScanManager#keep_schedule
ScanManager#refresh
DispatcherManager#refresh
ScanManager#keep_schedule
ScanManager#refresh
DispatcherManager#refresh
Started GET "/" for ::1 at 2020-10-08 22:55:36 +0800
Processing by HomeController#index as HTML
Completed 401 Unauthorized in 13ms (ActiveRecord: 0.0ms)
Started GET "/d/users/sign_in" for ::1 at 2020-10-08 22:55:36 +0800
Processing by Devise::SessionsController#new as HTML
  Rendered devise/shared/_links.html.erb (1.0ms)
  Rendered devise/sessions/new.html.erb within layouts/application (118.0ms)
  Rendered layouts/_navigation.html.erb (5.0ms)
  Rendered layouts/_breadcrumbs.html.erb (1.0ms)
  Rendered layouts/_messages.html.erb (1.0ms)
Completed 200 OK in 679ms (Views: 657.5ms | ActiveRecord: 6.0ms)
Started GET "/assets/favicon.png" for ::1 at 2020-10-08 22:55:37 +0800

ActionController::RoutingError (No route matches [GET] "/assets/favicon.png"):
  actionpack (4.2.5.1) lib/action_dispatch/middleware/debug_exceptions.rb:21:in `call'
  actionpack (4.2.5.1) lib/action_dispatch/middleware/show_exceptions.rb:30:in `call'
  railties (4.2.5.1) lib/rails/rack/logger.rb:38:in `call_app'
  railties (4.2.5.1) lib/rails/rack/logger.rb:22:in `call'
  actionpack (4.2.5.1) lib/action_dispatch/middleware/request_id.rb:21:in `call'
  rack (1.6.4) lib/rack/methodoverride.rb:22:in `call'
  rack (1.6.4) lib/rack/runtime.rb:18:in `call'
  activesupport (4.2.5.1) lib/active_support/cache/strategy/local_cache_middleware.rb:28:in `call'
  actionpack (4.2.5.1) lib/action_dispatch/middleware/static.rb:116:in `call'
  rack (1.6.4) lib/rack/sendfile.rb:113:in `call'
  railties (4.2.5.1) lib/rails/engine.rb:518:in `call'
  railties (4.2.5.1) lib/rails/application.rb:165:in `call'
  railties (4.2.5.1) lib/rails/railtie.rb:194:in `public_send'
  railties (4.2.5.1) lib/rails/railtie.rb:194:in `method_missing'
  rack (1.6.4) lib/rack/tempfile_reaper.rb:15:in `call'
  rack (1.6.4) lib/rack/lint.rb:49:in `_call'
  rack (1.6.4) lib/rack/lint.rb:37:in `call'
  rack (1.6.4) lib/rack/showexceptions.rb:24:in `call'
  rack (1.6.4) lib/rack/commonlogger.rb:33:in `call'
  rack (1.6.4) lib/rack/chunked.rb:54:in `call'
  rack (1.6.4) lib/rack/content_length.rb:15:in `call'
  puma (2.14.0) lib/puma/server.rb:541:in `handle_request'
  puma (2.14.0) lib/puma/server.rb:388:in `process_client'
  puma (2.14.0) lib/puma/server.rb:270:in `block in run'
  puma (2.14.0) lib/puma/thread_pool.rb:106:in `call'
  puma (2.14.0) lib/puma/thread_pool.rb:106:in `block in spawn_thread'


ScanManager#keep_schedule
ScanManager#refresh
DispatcherManager#refresh
ScanManager#keep_schedule
ScanManager#refresh
DispatcherManager#refresh
ScanManager#keep_schedule
ScanManager#refresh
DispatcherManager#refresh
ScanManager#keep_schedule
ScanManager#refresh
DispatcherManager#refresh
Started GET "/" for ::1 at 2020-10-25 22:32:09 +0800
Processing by HomeController#index as HTML
Completed 401 Unauthorized in 13ms (ActiveRecord: 0.0ms)
Started GET "/d/users/sign_in" for ::1 at 2020-10-25 22:32:09 +0800
Processing by Devise::SessionsController#new as HTML
ScanManager#keep_schedule
ScanManager#refresh
DispatcherManager#refresh
  Rendered devise/shared/_links.html.erb (1.0ms)
  Rendered devise/sessions/new.html.erb within layouts/application (98.3ms)
  Rendered layouts/_navigation.html.erb (5.0ms)
  Rendered layouts/_breadcrumbs.html.erb (0.0ms)
  Rendered layouts/_messages.html.erb (1.0ms)
Completed 200 OK in 637ms (Views: 616.1ms | ActiveRecord: 4.4ms)
Started GET "/assets/favicon.png" for ::1 at 2020-10-25 22:32:10 +0800

ActionController::RoutingError (No route matches [GET] "/assets/favicon.png"):
  actionpack (4.2.5.1) lib/action_dispatch/middleware/debug_exceptions.rb:21:in `call'
  actionpack (4.2.5.1) lib/action_dispatch/middleware/show_exceptions.rb:30:in `call'
  railties (4.2.5.1) lib/rails/rack/logger.rb:38:in `call_app'
  railties (4.2.5.1) lib/rails/rack/logger.rb:22:in `call'
  actionpack (4.2.5.1) lib/action_dispatch/middleware/request_id.rb:21:in `call'
  rack (1.6.4) lib/rack/methodoverride.rb:22:in `call'
  rack (1.6.4) lib/rack/runtime.rb:18:in `call'
  activesupport (4.2.5.1) lib/active_support/cache/strategy/local_cache_middleware.rb:28:in `call'
  actionpack (4.2.5.1) lib/action_dispatch/middleware/static.rb:116:in `call'
  rack (1.6.4) lib/rack/sendfile.rb:113:in `call'
  railties (4.2.5.1) lib/rails/engine.rb:518:in `call'
  railties (4.2.5.1) lib/rails/application.rb:165:in `call'
  railties (4.2.5.1) lib/rails/railtie.rb:194:in `public_send'
  railties (4.2.5.1) lib/rails/railtie.rb:194:in `method_missing'
  rack (1.6.4) lib/rack/tempfile_reaper.rb:15:in `call'
  rack (1.6.4) lib/rack/lint.rb:49:in `_call'
  rack (1.6.4) lib/rack/lint.rb:37:in `call'
  rack (1.6.4) lib/rack/showexceptions.rb:24:in `call'
  rack (1.6.4) lib/rack/commonlogger.rb:33:in `call'
  rack (1.6.4) lib/rack/chunked.rb:54:in `call'
  rack (1.6.4) lib/rack/content_length.rb:15:in `call'
  puma (2.14.0) lib/puma/server.rb:541:in `handle_request'
  puma (2.14.0) lib/puma/server.rb:388:in `process_client'
  puma (2.14.0) lib/puma/server.rb:270:in `block in run'
  puma (2.14.0) lib/puma/thread_pool.rb:106:in `call'
  puma (2.14.0) lib/puma/thread_pool.rb:106:in `block in spawn_thread'


ScanManager#keep_schedule
ScanManager#refresh
DispatcherManager#refresh
ScanManager#keep_schedule
ScanManager#refresh
DispatcherManager#refresh
ScanManager#keep_schedule
ScanManager#refresh
DispatcherManager#refresh
ScanManager#keep_schedule
ScanManager#refresh
DispatcherManager#refresh
ScanManager#keep_schedule
ScanManager#refresh
DispatcherManager#refresh
ScanManager#keep_schedule
ScanManager#refresh
DispatcherManager#refresh
ScanManager#keep_schedule
ScanManager#refresh
DispatcherManager#refresh
ScanManager#keep_schedule
ScanManager#refresh
DispatcherManager#refresh
ScanManager#keep_schedule
ScanManager#refresh
DispatcherManager#refresh
ScanManager#keep_schedule
ScanManager#refresh
DispatcherManager#refresh
Started POST "/d/users/sign_in" for ::1 at 2020-10-25 22:33:00 +0800
Processing by Devise::SessionsController#create as HTML
  Parameters: {"utf8"=>"✓", "authenticity_token"=>"gWe4Qow6ll+fuOK11oSf7Ivpo3FWTEHB0dPnM/9DFnFgosg3NvQ0zZeJUAJ9ex7umo/22AX36sG7HpbC2Jv8aQ==", "user"=>{"email"=>"admin@admin.admin", "password"=>"[FILTERED]", "remember_me"=>"0"}, "commit"=>"Sign in"}
Redirected to http://localhost:9292/welcome
Completed 302 Found in 624ms (ActiveRecord: 12.2ms)
Started GET "/welcome" for ::1 at 2020-10-25 22:33:01 +0800
Processing by HomeController#welcome as HTML
  Rendered home/welcome.html.erb within layouts/application (0.0ms)
  Rendered layouts/_navigation.html.erb (223.5ms)
  Rendered layouts/_breadcrumbs.html.erb (0.0ms)
  Rendered layouts/_messages.html.erb (0.0ms)
Completed 200 OK in 426ms (Views: 409.8ms | ActiveRecord: 15.4ms)
Started GET "/navigation" for ::1 at 2020-10-25 22:33:02 +0800
Processing by HomeController#navigation as HTML
  Rendered layouts/_navigation.html.erb (47.0ms)
Completed 200 OK in 67ms (Views: 40.4ms | ActiveRecord: 13.6ms)
ScanManager#keep_schedule
ScanManager#refresh
DispatcherManager#refresh
Started GET "/navigation" for ::1 at 2020-10-25 22:33:07 +0800
Processing by HomeController#navigation as HTML
  Rendered layouts/_navigation.html.erb (21.0ms)
Completed 200 OK in 23ms (Views: 15.7ms | ActiveRecord: 6.5ms)
Started GET "/profiles/new" for ::1 at 2020-10-25 22:33:07 +0800
Processing by ProfilesController#new as HTML
  Rendered profiles/_subnav.html.erb (0.0ms)
  Rendered profiles/_attribute_messages.html.erb (4.0ms)
  Rendered profiles/_attribute_messages.html.erb (0.0ms)
  Rendered profiles/_attribute_messages.html.erb (0.0ms)
  Rendered profiles/_attribute_messages.html.erb (0.0ms)
  Rendered profiles/_attribute_messages.html.erb (0.0ms)
  Rendered profiles/_attribute_messages.html.erb (0.0ms)
  Rendered profiles/_attribute_messages.html.erb (0.0ms)
  Rendered profiles/_attribute_messages.html.erb (0.0ms)
  Rendered profiles/_attribute_messages.html.erb (0.0ms)
  Rendered profiles/_attribute_messages.html.erb (0.0ms)
  Rendered profiles/_attribute_messages.html.erb (0.0ms)
  Rendered profiles/_attribute_messages.html.erb (0.0ms)
  Rendered profiles/_attribute_messages.html.erb (0.0ms)
  Rendered profiles/_attribute_messages.html.erb (0.0ms)
  Rendered profiles/_attribute_messages.html.erb (0.0ms)
  Rendered profiles/_attribute_messages.html.erb (0.0ms)
  Rendered profiles/_attribute_messages.html.erb (0.0ms)
  Rendered profiles/_attribute_messages.html.erb (0.0ms)
  Rendered profiles/_attribute_messages.html.erb (0.0ms)
  Rendered profiles/_attribute_messages.html.erb (0.0ms)
  Rendered profiles/_attribute_messages.html.erb (0.0ms)
  Rendered profiles/_attribute_messages.html.erb (0.0ms)
  Rendered profiles/_attribute_messages.html.erb (0.0ms)
  Rendered profiles/_attribute_messages.html.erb (0.0ms)
  Rendered profiles/_attribute_messages.html.erb (0.0ms)
  Rendered profiles/_attribute_messages.html.erb (0.0ms)
  Rendered profiles/_attribute_messages.html.erb (0.0ms)
  Rendered profiles/_attribute_messages.html.erb (0.0ms)
  Rendered profiles/_attribute_messages.html.erb (0.0ms)
  Rendered profiles/_attribute_messages.html.erb (0.0ms)
  Rendered profiles/_attribute_messages.html.erb (0.0ms)
  Rendered profiles/_attribute_messages.html.erb (0.0ms)
  Rendered profiles/_attribute_messages.html.erb (0.0ms)
  Rendered profiles/_attribute_messages.html.erb (0.0ms)
  Rendered profiles/_attribute_messages.html.erb (0.0ms)
  Rendered profiles/_attribute_messages.html.erb (0.0ms)
  Rendered profiles/_attribute_messages.html.erb (0.0ms)
  Rendered profiles/_attribute_messages.html.erb (0.0ms)
  Rendered profiles/_attribute_messages.html.erb (0.0ms)
  Rendered profiles/_attribute_messages.html.erb (0.0ms)
  Rendered profiles/_attribute_messages.html.erb (0.0ms)
  Rendered profiles/_attribute_messages.html.erb (0.0ms)
  Rendered profiles/_attribute_messages.html.erb (0.0ms)
  Rendered profiles/_attribute_messages.html.erb (0.0ms)
  Rendered profiles/_attribute_messages.html.erb (0.0ms)
Started GET "/assets/glyphicons-halflings-white-87b0fb978d9263b24daabdb627fd66ef.png" for ::1 at 2020-10-25 22:33:08 +0800

ActionController::RoutingError (No route matches [GET] "/assets/glyphicons-halflings-white-87b0fb978d9263b24daabdb627fd66ef.png"):
  actionpack (4.2.5.1) lib/action_dispatch/middleware/debug_exceptions.rb:21:in `call'
  actionpack (4.2.5.1) lib/action_dispatch/middleware/show_exceptions.rb:30:in `call'
  railties (4.2.5.1) lib/rails/rack/logger.rb:38:in `call_app'
  railties (4.2.5.1) lib/rails/rack/logger.rb:22:in `call'
  actionpack (4.2.5.1) lib/action_dispatch/middleware/request_id.rb:21:in `call'
  rack (1.6.4) lib/rack/methodoverride.rb:22:in `call'
  rack (1.6.4) lib/rack/runtime.rb:18:in `call'
  activesupport (4.2.5.1) lib/active_support/cache/strategy/local_cache_middleware.rb:28:in `call'
  actionpack (4.2.5.1) lib/action_dispatch/middleware/static.rb:116:in `call'
  rack (1.6.4) lib/rack/sendfile.rb:113:in `call'
  railties (4.2.5.1) lib/rails/engine.rb:518:in `call'
  railties (4.2.5.1) lib/rails/application.rb:165:in `call'
  railties (4.2.5.1) lib/rails/railtie.rb:194:in `public_send'
  railties (4.2.5.1) lib/rails/railtie.rb:194:in `method_missing'
  rack (1.6.4) lib/rack/tempfile_reaper.rb:15:in `call'
  rack (1.6.4) lib/rack/lint.rb:49:in `_call'
  rack (1.6.4) lib/rack/lint.rb:37:in `call'
  rack (1.6.4) lib/rack/showexceptions.rb:24:in `call'
  rack (1.6.4) lib/rack/commonlogger.rb:33:in `call'
  rack (1.6.4) lib/rack/chunked.rb:54:in `call'
  rack (1.6.4) lib/rack/content_length.rb:15:in `call'
  puma (2.14.0) lib/puma/server.rb:541:in `handle_request'
  puma (2.14.0) lib/puma/server.rb:388:in `process_client'
  puma (2.14.0) lib/puma/server.rb:270:in `block in run'
  puma (2.14.0) lib/puma/thread_pool.rb:106:in `call'
  puma (2.14.0) lib/puma/thread_pool.rb:106:in `block in spawn_thread'


  Rendered shared/_components_accordion_form.html.erb (727.5ms)
  Rendered shared/_components_accordion_form.html.erb (14.5ms)
  Rendered shared/_components_twin_accordion_form.html.erb (783.6ms)
  Rendered shared/_components_accordion_form.html.erb (18.0ms)
  Rendered shared/_components_accordion_form.html.erb (16.0ms)
  Rendered shared/_components_twin_accordion_form.html.erb (34.0ms)
ScanManager#keep_schedule
ScanManager#refresh
DispatcherManager#refresh
  Rendered profiles/plugin_options/_option_label.html.erb (1.0ms)
  Rendered profiles/plugin_options/_option_input.html.erb (0.0ms)
  Rendered profiles/plugin_options/_option.html.erb (88.7ms)
  Rendered profiles/plugin_options/_option_label.html.erb (0.0ms)
  Rendered profiles/plugin_options/_option_input.html.erb (0.0ms)
  Rendered profiles/plugin_options/_option.html.erb (0.0ms)
  Rendered profiles/plugin_options/_option_label.html.erb (0.0ms)
  Rendered profiles/plugin_options/_option_input.html.erb (0.0ms)
  Rendered profiles/plugin_options/_option.html.erb (0.0ms)
  Rendered profiles/plugin_options/_generic.html.erb (135.2ms)
  Rendered profiles/_plugin_options.html.erb (184.7ms)
  Rendered profiles/plugin_options/_option_label.html.erb (0.0ms)
  Rendered profiles/plugin_options/_option_input.html.erb (1.0ms)
  Rendered profiles/plugin_options/_option.html.erb (1.0ms)
  Rendered profiles/plugin_options/_option_label.html.erb (0.0ms)
  Rendered profiles/plugin_options/_option_input.html.erb (0.0ms)
  Rendered profiles/plugin_options/_option.html.erb (0.0ms)
  Rendered profiles/plugin_options/_generic.html.erb (1.0ms)
  Rendered profiles/_plugin_options.html.erb (1.0ms)
  Rendered profiles/plugin_options/_option_label.html.erb (0.0ms)
  Rendered profiles/plugin_options/_option_input.html.erb (0.0ms)
  Rendered profiles/plugin_options/_option.html.erb (1.0ms)
  Rendered profiles/plugin_options/_generic.html.erb (1.0ms)
  Rendered profiles/_plugin_options.html.erb (1.2ms)
  Rendered profiles/plugin_options/_option_label.html.erb (0.0ms)
  Rendered profiles/plugin_options/_option_input.html.erb (0.0ms)
  Rendered profiles/plugin_options/_option.html.erb (0.0ms)
  Rendered profiles/plugin_options/_generic.html.erb (0.0ms)
  Rendered profiles/_plugin_options.html.erb (0.0ms)
  Rendered profiles/plugin_options/_option_label.html.erb (0.0ms)
  Rendered profiles/plugin_options/_option_input.html.erb (0.0ms)
  Rendered profiles/plugin_options/_option.html.erb (1.0ms)
  Rendered profiles/plugin_options/_generic.html.erb (1.0ms)
  Rendered profiles/_plugin_options.html.erb (1.0ms)
  Rendered profiles/plugin_options/_option_label.html.erb (0.0ms)
  Rendered profiles/plugin_options/_option_input.html.erb (0.0ms)
  Rendered profiles/plugin_options/_option.html.erb (0.0ms)
  Rendered profiles/plugin_options/_option_label.html.erb (0.0ms)
  Rendered profiles/plugin_options/_option_input.html.erb (0.0ms)
  Rendered profiles/plugin_options/_option.html.erb (0.0ms)
  Rendered profiles/plugin_options/_option_label.html.erb (0.0ms)
  Rendered profiles/plugin_options/_option_input.html.erb (0.0ms)
  Rendered profiles/plugin_options/_option.html.erb (0.0ms)
  Rendered profiles/plugin_options/_option_label.html.erb (0.0ms)
  Rendered profiles/plugin_options/_option_input.html.erb (0.0ms)
  Rendered profiles/plugin_options/_option.html.erb (1.0ms)
  Rendered profiles/plugin_options/_option_label.html.erb (0.0ms)
  Rendered profiles/plugin_options/_option_input.html.erb (0.0ms)
  Rendered profiles/plugin_options/_option.html.erb (0.0ms)
  Rendered profiles/plugin_options/_option_label.html.erb (0.0ms)
  Rendered profiles/plugin_options/_option_input.html.erb (0.0ms)
  Rendered profiles/plugin_options/_option.html.erb (0.0ms)
  Rendered profiles/plugin_options/_option_label.html.erb (0.0ms)
  Rendered profiles/plugin_options/_option_input.html.erb (0.0ms)
  Rendered profiles/plugin_options/_option.html.erb (0.0ms)
  Rendered profiles/plugin_options/_option_label.html.erb (0.0ms)
  Rendered profiles/plugin_options/_option_input.html.erb (0.0ms)
  Rendered profiles/plugin_options/_option.html.erb (0.0ms)
  Rendered profiles/plugin_options/_option_label.html.erb (0.0ms)
  Rendered profiles/plugin_options/_option_input.html.erb (0.0ms)
  Rendered profiles/plugin_options/_option.html.erb (0.0ms)
  Rendered profiles/plugin_options/_option_label.html.erb (0.0ms)
  Rendered profiles/plugin_options/_option_input.html.erb (0.0ms)
  Rendered profiles/plugin_options/_option.html.erb (0.0ms)
  Rendered profiles/plugin_options/_option_label.html.erb (0.0ms)
  Rendered profiles/plugin_options/_option_input.html.erb (0.0ms)
  Rendered profiles/plugin_options/_option.html.erb (0.0ms)
  Rendered profiles/plugin_options/_option_label.html.erb (1.0ms)
  Rendered profiles/plugin_options/_option_input.html.erb (0.0ms)
  Rendered profiles/plugin_options/_option.html.erb (1.0ms)
  Rendered profiles/plugin_options/_generic.html.erb (6.0ms)
  Rendered profiles/_plugin_options.html.erb (6.0ms)
  Rendered profiles/plugin_options/_option_label.html.erb (0.0ms)
  Rendered profiles/plugin_options/_option_input.html.erb (0.0ms)
  Rendered profiles/plugin_options/_option.html.erb (1.0ms)
  Rendered profiles/plugin_options/_option_label.html.erb (0.0ms)
  Rendered profiles/plugin_options/_option_input.html.erb (0.0ms)
  Rendered profiles/plugin_options/_option.html.erb (0.0ms)
  Rendered profiles/plugin_options/_option_label.html.erb (0.0ms)
  Rendered profiles/plugin_options/_option_input.html.erb (0.0ms)
  Rendered profiles/plugin_options/_option.html.erb (0.6ms)
  Rendered profiles/plugin_options/_generic.html.erb (2.0ms)
  Rendered profiles/_plugin_options.html.erb (2.0ms)
  Rendered profiles/plugin_options/_option_label.html.erb (0.0ms)
  Rendered profiles/plugin_options/_option_input.html.erb (0.0ms)
  Rendered profiles/plugin_options/_option.html.erb (1.0ms)
  Rendered profiles/plugin_options/_option_label.html.erb (0.0ms)
  Rendered profiles/plugin_options/_option_input.html.erb (0.0ms)
  Rendered profiles/plugin_options/_option.html.erb (0.0ms)
  Rendered profiles/plugin_options/_generic.html.erb (1.0ms)
  Rendered profiles/_plugin_options.html.erb (1.0ms)
  Rendered shared/_components_accordion_form.html.erb (263.5ms)
  Rendered profiles/plugin_options/_option_label.html.erb (0.0ms)
  Rendered profiles/plugin_options/_option_input.html.erb (0.0ms)
  Rendered profiles/plugin_options/_option.html.erb (0.0ms)
  Rendered profiles/plugin_options/_generic.html.erb (0.0ms)
  Rendered profiles/_plugin_options.html.erb (1.0ms)
  Rendered profiles/plugin_options/_option_label.html.erb (0.0ms)
  Rendered profiles/plugin_options/_option_input.html.erb (0.0ms)
  Rendered profiles/plugin_options/_option.html.erb (0.4ms)
  Rendered profiles/plugin_options/_option_label.html.erb (0.0ms)
  Rendered profiles/plugin_options/_option_input.html.erb (0.0ms)
  Rendered profiles/plugin_options/_option.html.erb (0.0ms)
  Rendered profiles/plugin_options/_option_label.html.erb (1.0ms)
  Rendered profiles/plugin_options/_option_input.html.erb (0.0ms)
  Rendered profiles/plugin_options/_option.html.erb (1.0ms)
  Rendered profiles/plugin_options/_option_label.html.erb (0.0ms)
  Rendered profiles/plugin_options/_option_input.html.erb (0.0ms)
  Rendered profiles/plugin_options/_option.html.erb (0.0ms)
  Rendered profiles/plugin_options/_option_label.html.erb (0.0ms)
  Rendered profiles/plugin_options/_option_input.html.erb (0.0ms)
  Rendered profiles/plugin_options/_option.html.erb (1.0ms)
  Rendered profiles/plugin_options/_generic.html.erb (2.4ms)
  Rendered profiles/_plugin_options.html.erb (3.4ms)
  Rendered profiles/plugin_options/_option_label.html.erb (1.0ms)
  Rendered profiles/plugin_options/_option_input.html.erb (0.0ms)
  Rendered profiles/plugin_options/_option.html.erb (1.0ms)
  Rendered profiles/plugin_options/_generic.html.erb (1.0ms)
  Rendered profiles/_plugin_options.html.erb (1.0ms)
  Rendered profiles/plugin_options/_option_label.html.erb (0.0ms)
  Rendered profiles/plugin_options/_option_input.html.erb (0.0ms)
  Rendered profiles/plugin_options/_option.html.erb (1.0ms)
  Rendered profiles/plugin_options/_generic.html.erb (1.0ms)
  Rendered profiles/_plugin_options.html.erb (1.0ms)
  Rendered profiles/plugin_options/_option_label.html.erb (0.0ms)
  Rendered profiles/plugin_options/_option_input.html.erb (0.0ms)
  Rendered profiles/plugin_options/_option.html.erb (1.0ms)
  Rendered profiles/plugin_options/_option_label.html.erb (0.0ms)
  Rendered profiles/plugin_options/_option_input.html.erb (0.0ms)
  Rendered profiles/plugin_options/_option.html.erb (0.0ms)
  Rendered profiles/plugin_options/_option_label.html.erb (0.0ms)
  Rendered profiles/plugin_options/_option_input.html.erb (0.0ms)
  Rendered profiles/plugin_options/_option.html.erb (1.0ms)
  Rendered profiles/plugin_options/_generic.html.erb (2.0ms)
  Rendered profiles/_plugin_options.html.erb (2.0ms)
  Rendered profiles/plugin_options/_option_label.html.erb (0.0ms)
  Rendered profiles/plugin_options/_option_input.html.erb (0.0ms)
  Rendered profiles/plugin_options/_option.html.erb (0.0ms)
  Rendered profiles/plugin_options/_generic.html.erb (0.0ms)
  Rendered profiles/_plugin_options.html.erb (1.0ms)
  Rendered profiles/plugin_options/_option_label.html.erb (0.0ms)
  Rendered profiles/plugin_options/_option_input.html.erb (0.0ms)
  Rendered profiles/plugin_options/_option.html.erb (1.0ms)
  Rendered profiles/plugin_options/_option_label.html.erb (0.0ms)
  Rendered profiles/plugin_options/_option_input.html.erb (0.0ms)
  Rendered profiles/plugin_options/_option.html.erb (0.0ms)
  Rendered profiles/plugin_options/_option_label.html.erb (0.0ms)
  Rendered profiles/plugin_options/_option_input.html.erb (1.0ms)
  Rendered profiles/plugin_options/_option.html.erb (1.0ms)
  Rendered profiles/plugin_options/_generic.html.erb (2.0ms)
  Rendered profiles/_plugin_options.html.erb (2.0ms)
  Rendered shared/_components_accordion_form.html.erb (54.9ms)
  Rendered shared/_components_twin_accordion_form.html.erb (318.4ms)
  Rendered profiles/_attribute_messages.html.erb (0.0ms)
  Rendered profiles/_attribute_messages.html.erb (0.0ms)
  Rendered profiles/_attribute_messages.html.erb (0.0ms)
  Rendered profiles/_attribute_messages.html.erb (0.0ms)
  Rendered profiles/_attribute_messages.html.erb (0.0ms)
  Rendered profiles/_attribute_messages.html.erb (0.0ms)
  Rendered profiles/_attribute_messages.html.erb (0.0ms)
  Rendered profiles/_attribute_messages.html.erb (0.0ms)
  Rendered profiles/_form.html.erb (2093.0ms)
  Rendered profiles/new.html.erb within layouts/application (2172.4ms)
  Rendered layouts/_navigation.html.erb (21.0ms)
  Rendered layouts/_breadcrumbs.html.erb (0.0ms)
  Rendered layouts/_subnav.html.erb (1.0ms)
  Rendered layouts/_messages.html.erb (0.0ms)
Completed 200 OK in 2433ms (Views: 2417.3ms | ActiveRecord: 7.6ms)
Started GET "/navigation" for ::1 at 2020-10-25 22:33:10 +0800
Processing by HomeController#navigation as HTML
  Rendered layouts/_navigation.html.erb (31.5ms)
Completed 200 OK in 35ms (Views: 22.7ms | ActiveRecord: 11.6ms)
ScanManager#keep_schedule
ScanManager#refresh
DispatcherManager#refresh
Started GET "/navigation" for ::1 at 2020-10-25 22:33:15 +0800
Processing by HomeController#navigation as HTML
  Rendered layouts/_navigation.html.erb (21.0ms)
Completed 200 OK in 24ms (Views: 16.7ms | ActiveRecord: 6.4ms)
ScanManager#keep_schedule
ScanManager#refresh
DispatcherManager#refresh
Started GET "/navigation" for ::1 at 2020-10-25 22:33:20 +0800
Processing by HomeController#navigation as HTML
  Rendered layouts/_navigation.html.erb (18.0ms)
Completed 200 OK in 21ms (Views: 10.7ms | ActiveRecord: 9.0ms)
ScanManager#keep_schedule
ScanManager#refresh
DispatcherManager#refresh
Started GET "/navigation" for ::1 at 2020-10-25 22:33:25 +0800
Processing by HomeController#navigation as HTML
  Rendered layouts/_navigation.html.erb (28.0ms)
Completed 200 OK in 30ms (Views: 18.7ms | ActiveRecord: 10.0ms)
ScanManager#keep_schedule
ScanManager#refresh
DispatcherManager#refresh
Started GET "/navigation" for ::1 at 2020-10-25 22:33:30 +0800
Processing by HomeController#navigation as HTML
  Rendered layouts/_navigation.html.erb (22.0ms)
Completed 200 OK in 26ms (Views: 18.2ms | ActiveRecord: 6.0ms)
ScanManager#keep_schedule
ScanManager#refresh
DispatcherManager#refresh
Started GET "/navigation" for ::1 at 2020-10-25 22:33:35 +0800
Processing by HomeController#navigation as HTML
  Rendered layouts/_navigation.html.erb (19.6ms)
Completed 200 OK in 22ms (Views: 16.1ms | ActiveRecord: 4.6ms)
ScanManager#keep_schedule
ScanManager#refresh
DispatcherManager#refresh
Started GET "/navigation" for ::1 at 2020-10-25 22:33:40 +0800
Processing by HomeController#navigation as HTML
  Rendered layouts/_navigation.html.erb (30.4ms)
Completed 200 OK in 57ms (Views: 43.6ms | ActiveRecord: 9.5ms)
ScanManager#keep_schedule
ScanManager#refresh
DispatcherManager#refresh
Started GET "/navigation" for ::1 at 2020-10-25 22:33:45 +0800
Processing by HomeController#navigation as HTML
  Rendered layouts/_navigation.html.erb (24.2ms)
Completed 200 OK in 26ms (Views: 17.2ms | ActiveRecord: 9.0ms)
ScanManager#keep_schedule
ScanManager#refresh
DispatcherManager#refresh
Started GET "/navigation" for ::1 at 2020-10-25 22:33:50 +0800
Processing by HomeController#navigation as HTML
  Rendered layouts/_navigation.html.erb (22.0ms)
Completed 200 OK in 24ms (Views: 16.7ms | ActiveRecord: 6.0ms)
ScanManager#keep_schedule
ScanManager#refresh
DispatcherManager#refresh
Started GET "/navigation" for ::1 at 2020-10-25 22:33:55 +0800
Processing by HomeController#navigation as HTML
  Rendered layouts/_navigation.html.erb (22.2ms)
Completed 200 OK in 24ms (Views: 15.2ms | ActiveRecord: 7.5ms)
ScanManager#keep_schedule
ScanManager#refresh
DispatcherManager#refresh
Started GET "/navigation" for ::1 at 2020-10-25 22:34:00 +0800
Processing by HomeController#navigation as HTML
  Rendered layouts/_navigation.html.erb (20.4ms)
Completed 200 OK in 22ms (Views: 14.1ms | ActiveRecord: 7.4ms)
ScanManager#keep_schedule
ScanManager#refresh
DispatcherManager#refresh
Started GET "/navigation" for ::1 at 2020-10-25 22:34:05 +0800
Processing by HomeController#navigation as HTML
  Rendered layouts/_navigation.html.erb (20.4ms)
Completed 200 OK in 23ms (Views: 12.9ms | ActiveRecord: 8.0ms)
ScanManager#keep_schedule
ScanManager#refresh
DispatcherManager#refresh
Started GET "/navigation" for ::1 at 2020-10-25 22:34:10 +0800
Processing by HomeController#navigation as HTML
  Rendered layouts/_navigation.html.erb (26.5ms)
Completed 200 OK in 28ms (Views: 18.9ms | ActiveRecord: 8.0ms)
ScanManager#keep_schedule
ScanManager#refresh
DispatcherManager#refresh
Started GET "/navigation" for ::1 at 2020-10-25 22:34:15 +0800
Processing by HomeController#navigation as HTML
  Rendered layouts/_navigation.html.erb (25.0ms)
Completed 200 OK in 28ms (Views: 19.8ms | ActiveRecord: 6.0ms)
ScanManager#keep_schedule
ScanManager#refresh
DispatcherManager#refresh
Started GET "/navigation" for ::1 at 2020-10-25 22:34:20 +0800
Processing by HomeController#navigation as HTML
  Rendered layouts/_navigation.html.erb (22.0ms)
Completed 200 OK in 24ms (Views: 14.7ms | ActiveRecord: 8.5ms)
ScanManager#keep_schedule
ScanManager#refresh
DispatcherManager#refresh
Started GET "/navigation" for ::1 at 2020-10-25 22:34:25 +0800
Processing by HomeController#navigation as HTML
  Rendered layouts/_navigation.html.erb (30.0ms)
Completed 200 OK in 33ms (Views: 22.5ms | ActiveRecord: 8.0ms)
ScanManager#keep_schedule
ScanManager#refresh
DispatcherManager#refresh
Started GET "/navigation" for ::1 at 2020-10-25 22:34:30 +0800
Processing by HomeController#navigation as HTML
  Rendered layouts/_navigation.html.erb (20.0ms)
Completed 200 OK in 22ms (Views: 14.1ms | ActiveRecord: 7.4ms)
ScanManager#keep_schedule
ScanManager#refresh
DispatcherManager#refresh
Started GET "/navigation" for ::1 at 2020-10-25 22:34:35 +0800
Processing by HomeController#navigation as HTML
  Rendered layouts/_navigation.html.erb (28.5ms)
Completed 200 OK in 31ms (Views: 21.7ms | ActiveRecord: 7.0ms)
ScanManager#keep_schedule
ScanManager#refresh
DispatcherManager#refresh
Started GET "/navigation" for ::1 at 2020-10-25 22:34:40 +0800
Processing by HomeController#navigation as HTML
  Rendered layouts/_navigation.html.erb (19.4ms)
Completed 200 OK in 22ms (Views: 15.8ms | ActiveRecord: 5.5ms)
ScanManager#keep_schedule
ScanManager#refresh
DispatcherManager#refresh
Started GET "/navigation" for ::1 at 2020-10-25 22:34:45 +0800
Processing by HomeController#navigation as HTML
  Rendered layouts/_navigation.html.erb (20.2ms)
Completed 200 OK in 22ms (Views: 16.2ms | ActiveRecord: 4.2ms)
ScanManager#keep_schedule
ScanManager#refresh
DispatcherManager#refresh
Started GET "/navigation" for ::1 at 2020-10-25 22:34:50 +0800
Processing by HomeController#navigation as HTML
  Rendered layouts/_navigation.html.erb (24.4ms)
Completed 200 OK in 27ms (Views: 18.4ms | ActiveRecord: 7.6ms)
ScanManager#keep_schedule
ScanManager#refresh
DispatcherManager#refresh
Started GET "/navigation" for ::1 at 2020-10-25 22:34:55 +0800
Processing by HomeController#navigation as HTML
  Rendered layouts/_navigation.html.erb (19.6ms)
Completed 200 OK in 22ms (Views: 12.0ms | ActiveRecord: 8.9ms)
ScanManager#keep_schedule
ScanManager#refresh
DispatcherManager#refresh
Started GET "/navigation" for ::1 at 2020-10-25 22:35:00 +0800
Processing by HomeController#navigation as HTML
  Rendered layouts/_navigation.html.erb (22.0ms)
Completed 200 OK in 25ms (Views: 16.2ms | ActiveRecord: 7.5ms)
ScanManager#keep_schedule
ScanManager#refresh
DispatcherManager#refresh
Started GET "/navigation" for ::1 at 2020-10-25 22:35:05 +0800
Processing by HomeController#navigation as HTML
  Rendered layouts/_navigation.html.erb (24.0ms)
Completed 200 OK in 28ms (Views: 16.1ms | ActiveRecord: 10.0ms)
ScanManager#keep_schedule
ScanManager#refresh
DispatcherManager#refresh
Started GET "/navigation" for ::1 at 2020-10-25 22:35:10 +0800
Processing by HomeController#navigation as HTML
  Rendered layouts/_navigation.html.erb (22.5ms)
Completed 200 OK in 26ms (Views: 16.1ms | ActiveRecord: 7.5ms)
ScanManager#keep_schedule
ScanManager#refresh
DispatcherManager#refresh
Started GET "/navigation" for ::1 at 2020-10-25 22:35:15 +0800
Processing by HomeController#navigation as HTML
  Rendered layouts/_navigation.html.erb (22.0ms)
Completed 200 OK in 25ms (Views: 13.3ms | ActiveRecord: 11.0ms)
ScanManager#keep_schedule
ScanManager#refresh
DispatcherManager#refresh
Started GET "/navigation" for ::1 at 2020-10-25 22:35:21 +0800
Processing by HomeController#navigation as HTML
  Rendered layouts/_navigation.html.erb (21.0ms)
Completed 200 OK in 24ms (Views: 10.9ms | ActiveRecord: 11.0ms)
ScanManager#keep_schedule
ScanManager#refresh
DispatcherManager#refresh
Started GET "/navigation" for ::1 at 2020-10-25 22:35:26 +0800
Processing by HomeController#navigation as HTML
  Rendered layouts/_navigation.html.erb (20.4ms)
Completed 200 OK in 22ms (Views: 15.9ms | ActiveRecord: 5.0ms)
ScanManager#keep_schedule
ScanManager#refresh
DispatcherManager#refresh
Started GET "/navigation" for ::1 at 2020-10-25 22:35:31 +0800
Processing by HomeController#navigation as HTML
  Rendered layouts/_navigation.html.erb (21.0ms)
Completed 200 OK in 23ms (Views: 14.7ms | ActiveRecord: 7.0ms)
ScanManager#keep_schedule
ScanManager#refresh
DispatcherManager#refresh
Started GET "/navigation" for ::1 at 2020-10-25 22:35:36 +0800
Processing by HomeController#navigation as HTML
  Rendered layouts/_navigation.html.erb (24.4ms)
Completed 200 OK in 26ms (Views: 16.4ms | ActiveRecord: 9.0ms)
ScanManager#keep_schedule
ScanManager#refresh
DispatcherManager#refresh
Started GET "/navigation" for ::1 at 2020-10-25 22:35:41 +0800
Processing by HomeController#navigation as HTML
  Rendered layouts/_navigation.html.erb (21.2ms)
Completed 200 OK in 23ms (Views: 12.8ms | ActiveRecord: 9.0ms)
ScanManager#keep_schedule
ScanManager#refresh
DispatcherManager#refresh
Started GET "/navigation" for ::1 at 2020-10-25 22:35:45 +0800
Processing by HomeController#navigation as HTML
  Rendered layouts/_navigation.html.erb (19.0ms)
Completed 200 OK in 22ms (Views: 13.1ms | ActiveRecord: 7.6ms)
ScanManager#keep_schedule
ScanManager#refresh
DispatcherManager#refresh
Started GET "/navigation" for ::1 at 2020-10-25 22:35:50 +0800
Processing by HomeController#navigation as HTML
  Rendered layouts/_navigation.html.erb (24.6ms)
Completed 200 OK in 27ms (Views: 20.7ms | ActiveRecord: 5.6ms)
ScanManager#keep_schedule
ScanManager#refresh
DispatcherManager#refresh
Started GET "/navigation" for ::1 at 2020-10-25 22:35:55 +0800
Processing by HomeController#navigation as HTML
  Rendered layouts/_navigation.html.erb (25.8ms)
Completed 200 OK in 29ms (Views: 21.0ms | ActiveRecord: 5.5ms)
ScanManager#keep_schedule
ScanManager#refresh
DispatcherManager#refresh
Started GET "/navigation" for ::1 at 2020-10-25 22:36:00 +0800
Processing by HomeController#navigation as HTML
  Rendered layouts/_navigation.html.erb (19.0ms)
Completed 200 OK in 21ms (Views: 11.9ms | ActiveRecord: 7.8ms)
ScanManager#keep_schedule
ScanManager#refresh
DispatcherManager#refresh
Started GET "/navigation" for ::1 at 2020-10-25 22:36:05 +0800
Processing by HomeController#navigation as HTML
  Rendered layouts/_navigation.html.erb (25.0ms)
Completed 200 OK in 28ms (Views: 18.3ms | ActiveRecord: 7.6ms)
ScanManager#keep_schedule
ScanManager#refresh
DispatcherManager#refresh
Started GET "/navigation" for ::1 at 2020-10-25 22:36:10 +0800
Processing by HomeController#navigation as HTML
  Rendered layouts/_navigation.html.erb (19.7ms)
Completed 200 OK in 22ms (Views: 14.9ms | ActiveRecord: 6.0ms)
ScanManager#keep_schedule
ScanManager#refresh
DispatcherManager#refresh
Started GET "/navigation" for ::1 at 2020-10-25 22:36:15 +0800
Processing by HomeController#navigation as HTML
  Rendered layouts/_navigation.html.erb (21.0ms)
Completed 200 OK in 23ms (Views: 13.9ms | ActiveRecord: 7.0ms)
ScanManager#keep_schedule
ScanManager#refresh
DispatcherManager#refresh
Started GET "/navigation" for ::1 at 2020-10-25 22:36:20 +0800
Processing by HomeController#navigation as HTML
  Rendered layouts/_navigation.html.erb (30.0ms)
Completed 200 OK in 31ms (Views: 26.6ms | ActiveRecord: 4.0ms)
ScanManager#keep_schedule
ScanManager#refresh
DispatcherManager#refresh
Started GET "/navigation" for ::1 at 2020-10-25 22:36:25 +0800
Processing by HomeController#navigation as HTML
  Rendered layouts/_navigation.html.erb (28.3ms)
Completed 200 OK in 31ms (Views: 20.2ms | ActiveRecord: 9.3ms)
ScanManager#keep_schedule
ScanManager#refresh
DispatcherManager#refresh
Started GET "/navigation" for ::1 at 2020-10-25 22:36:30 +0800
Processing by HomeController#navigation as HTML
  Rendered layouts/_navigation.html.erb (22.0ms)
Completed 200 OK in 26ms (Views: 16.6ms | ActiveRecord: 6.0ms)
ScanManager#keep_schedule
ScanManager#refresh
DispatcherManager#refresh
